<?xml version="1.0" encoding="UTF-8"?>
<!-- Generated by org.testng.reporters.JUnitXMLReporter -->
<testsuite ignored="0" hostname="LAPTOP-42VQGDGQ" failures="1" tests="13" name="Surefire test" time="405.983" errors="0" timestamp="2023-01-30T12:28:36 IST">
  <testcase classname="com.tutorialsninja.qa.testcases.LoginFunctionalityTest" name="VerifyLoginWithValidCreadentials" time="2.928"/>
  <testcase classname="com.tutorialsninja.qa.testcases.LoginFunctionalityTest" name="verifyLoginWithInValidCreadentials" time="5.425"/>
  <testcase classname="com.tutorialsninja.qa.testcases.LoginFunctionalityTest" name="VerifyLoggingWithInValidEmailAndValidPassword" time="3.322"/>
  <testcase classname="com.tutorialsninja.qa.testcases.LoginFunctionalityTest" name="VerifyLoggingWithValidEmailAndInvalidPassword" time="3.372"/>
  <testcase classname="com.tutorialsninja.qa.testcases.LoginFunctionalityTest" name="VerifyLoggingWithoutCreadentials" time="1.227"/>
  <testcase classname="com.tutorialsninja.qa.testcases.LoginFunctionalityTest" name="VerifyForgetpasswordlinkisWorking" time="1.583"/>
  <testcase classname="com.tutorialsninja.qa.testcases.RegisterfunctionalityTest" name="VerifyRegisteringWithOnlyMandatoryFields" time="5.158"/>
  <testcase classname="com.tutorialsninja.qa.testcases.RegisterfunctionalityTest" name="VerifyRegisteringAccountwhenYESoptionselectedOnNewsletterfield" time="5.082"/>
  <testcase classname="com.tutorialsninja.qa.testcases.RegisterfunctionalityTest" name="VerifyRegisteringAccountwhenNOoptionselectedOnNewsletterfield" time="5.454"/>
  <testcase classname="com.tutorialsninja.qa.testcases.RegisterfunctionalityTest" name="VerifyRegisteringAccountEnteringdifferentpasswordsintoPasswordandPasswordConfirmfields" time="5.036">
    <failure type="java.lang.AssertionError" message="Account has not created expected [Password confirmation does not match Password!] but found [Password confirmation does not match password!]">
      <![CDATA[java.lang.AssertionError: Account has not created expected [Password confirmation does not match Password!] but found [Password confirmation does not match password!]
at com.tutorialsninja.qa.testcases.RegisterfunctionalityTest.VerifyRegisteringAccountEnteringdifferentpasswordsintoPasswordandPasswordConfirmfields(RegisterfunctionalityTest.java:96)
at java.base/java.util.ArrayList.forEach(ArrayList.java:1511)
... Removed 37 stack frames]]>
    </failure>
  </testcase> <!-- VerifyRegisteringAccountEnteringdifferentpasswordsintoPasswordandPasswordConfirmfields -->
  <testcase classname="com.tutorialsninja.qa.testcases.SearchFunctionalityTest" name="VerifySearchingValidProduct" time="2.012"/>
  <testcase classname="com.tutorialsninja.qa.testcases.SearchFunctionalityTest" name="VerifySearchingWithInvalidProduct" time="2.271"/>
  <testcase classname="com.tutorialsninja.qa.testcases.SearchFunctionalityTest" name="VerifyWithOutProvidingProductInSearchFiled" time="1.249"/>
</testsuite> <!-- Surefire test -->
