<?xml version="1.0" encoding="UTF-8"?>
<!-- Generated by org.testng.reporters.JUnitXMLReporter -->
<testsuite ignored="0" hostname="LAPTOP-42VQGDGQ" failures="0" tests="6" name="Default test" time="551.207" errors="0" timestamp="2023-02-08T20:07:30 IST">
  <testcase classname="com.tutorialsninja.qa.testcases.LoginFunctionalityTest" name="VerifyLoginWithValidCreadentials" time="27.844"/>
  <testcase classname="com.tutorialsninja.qa.testcases.LoginFunctionalityTest" name="verifyLoginWithInValidCreadentials" time="7.325"/>
  <testcase classname="com.tutorialsninja.qa.testcases.LoginFunctionalityTest" name="VerifyLoggingWithInValidEmailAndValidPassword" time="3.048"/>
  <testcase classname="com.tutorialsninja.qa.testcases.LoginFunctionalityTest" name="VerifyLoggingWithValidEmailAndInvalidPassword" time="2.244"/>
  <testcase classname="com.tutorialsninja.qa.testcases.LoginFunctionalityTest" name="VerifyLoggingWithoutCreadentials" time="2.31"/>
  <testcase classname="com.tutorialsninja.qa.testcases.LoginFunctionalityTest" name="VerifyForgetpasswordlinkisWorking" time="3.872"/>
</testsuite> <!-- Default test -->
