<?xml version="1.0" encoding="UTF-8"?>
<!-- Generated by org.testng.reporters.JUnitXMLReporter -->
<testsuite ignored="0" hostname="LAPTOP-42VQGDGQ" failures="0" tests="13" name="Default test" time="604.079" errors="0" timestamp="2023-02-11T22:29:45 IST">
  <testcase classname="com.tutorialsninja.qa.testcases.LoginFunctionalityTest" name="VerifyLoginWithValidCreadentials" time="12.039"/>
  <testcase classname="com.tutorialsninja.qa.testcases.LoginFunctionalityTest" name="verifyLoginWithInValidCreadentials" time="1.532"/>
  <testcase classname="com.tutorialsninja.qa.testcases.LoginFunctionalityTest" name="VerifyLoggingWithInValidEmailAndValidPassword" time="1.167"/>
  <testcase classname="com.tutorialsninja.qa.testcases.LoginFunctionalityTest" name="VerifyLoggingWithValidEmailAndInvalidPassword" time="0.982"/>
  <testcase classname="com.tutorialsninja.qa.testcases.LoginFunctionalityTest" name="VerifyLoggingWithoutCreadentials" time="0.709"/>
  <testcase classname="com.tutorialsninja.qa.testcases.LoginFunctionalityTest" name="VerifyForgetpasswordlinkisWorking" time="0.631"/>
  <testcase classname="com.tutorialsninja.qa.testcases.SearchFunctionalityTest" name="VerifySearchingValidProduct" time="2.877"/>
  <testcase classname="com.tutorialsninja.qa.testcases.SearchFunctionalityTest" name="VerifySearchingWithInvalidProduct" time="2.458"/>
  <testcase classname="com.tutorialsninja.qa.testcases.SearchFunctionalityTest" name="VerifyWithOutProvidingProductInSearchFiled" time="2.112"/>
  <testcase classname="com.tutorialsninja.qa.testcases.RegisterfunctionalityTest" name="VerifyRegisteringWithOnlyMandatoryFields" time="1.859"/>
  <testcase classname="com.tutorialsninja.qa.testcases.RegisterfunctionalityTest" name="VerifyRegisteringAccountwhenYESoptionselectedOnNewsletterfield" time="2.061"/>
  <testcase classname="com.tutorialsninja.qa.testcases.RegisterfunctionalityTest" name="VerifyRegisteringAccountwhenNOoptionselectedOnNewsletterfield" time="2.686"/>
  <testcase classname="com.tutorialsninja.qa.testcases.RegisterfunctionalityTest" name="VerifyRegisteringAccountEnteringdifferentpasswordsintoPasswordandPasswordConfirmfields" time="2.129"/>
</testsuite> <!-- Default test -->
