<?xml version="1.0" encoding="UTF-8"?>
<testng-results ignored="0" total="13" passed="13" failed="0" skipped="0">
  <reporter-output>
  </reporter-output>
  <suite started-at="2023-02-20T14:55:38 IST" name="Suite" finished-at="2023-02-20T15:01:58 IST" duration-ms="379440">
    <groups>
    </groups>
    <test started-at="2023-02-20T14:55:38 IST" name="Test" finished-at="2023-02-20T15:01:58 IST" duration-ms="379440">
      <class name="com.tutorialsninja.qa.testcases.LoginFunctionalityTest">
        <test-method is-config="true" signature="openApplication()[pri:0, instance:com.tutorialsninja.qa.testcases.LoginFunctionalityTest@1fa268de]" started-at="2023-02-20T14:58:45 IST" name="openApplication" finished-at="2023-02-20T14:58:56 IST" duration-ms="11077" status="PASS">
          <reporter-output>
          </reporter-output>
        </test-method> <!-- openApplication -->
        <test-method signature="VerifyLoginWithValidCreadentials()[pri:0, instance:com.tutorialsninja.qa.testcases.LoginFunctionalityTest@1fa268de]" started-at="2023-02-20T14:58:56 IST" name="VerifyLoginWithValidCreadentials" finished-at="2023-02-20T14:59:09 IST" duration-ms="12721" status="PASS">
          <reporter-output>
          </reporter-output>
        </test-method> <!-- VerifyLoginWithValidCreadentials -->
        <test-method is-config="true" signature="tearDown()[pri:0, instance:com.tutorialsninja.qa.testcases.LoginFunctionalityTest@1fa268de]" started-at="2023-02-20T14:59:09 IST" name="tearDown" finished-at="2023-02-20T14:59:12 IST" duration-ms="3168" status="PASS">
          <reporter-output>
          </reporter-output>
        </test-method> <!-- tearDown -->
        <test-method is-config="true" signature="openApplication()[pri:0, instance:com.tutorialsninja.qa.testcases.LoginFunctionalityTest@1fa268de]" started-at="2023-02-20T14:59:12 IST" name="openApplication" finished-at="2023-02-20T14:59:24 IST" duration-ms="11895" status="PASS">
          <reporter-output>
          </reporter-output>
        </test-method> <!-- openApplication -->
        <test-method signature="verifyLoginWithInValidCreadentials()[pri:1, instance:com.tutorialsninja.qa.testcases.LoginFunctionalityTest@1fa268de]" started-at="2023-02-20T14:59:24 IST" name="verifyLoginWithInValidCreadentials" finished-at="2023-02-20T14:59:27 IST" duration-ms="3361" status="PASS">
          <reporter-output>
          </reporter-output>
        </test-method> <!-- verifyLoginWithInValidCreadentials -->
        <test-method is-config="true" signature="tearDown()[pri:0, instance:com.tutorialsninja.qa.testcases.LoginFunctionalityTest@1fa268de]" started-at="2023-02-20T14:59:27 IST" name="tearDown" finished-at="2023-02-20T14:59:28 IST" duration-ms="1072" status="PASS">
          <reporter-output>
          </reporter-output>
        </test-method> <!-- tearDown -->
        <test-method is-config="true" signature="openApplication()[pri:0, instance:com.tutorialsninja.qa.testcases.LoginFunctionalityTest@1fa268de]" started-at="2023-02-20T14:59:28 IST" name="openApplication" finished-at="2023-02-20T14:59:40 IST" duration-ms="11794" status="PASS">
          <reporter-output>
          </reporter-output>
        </test-method> <!-- openApplication -->
        <test-method signature="VerifyLoggingWithInValidEmailAndValidPassword()[pri:2, instance:com.tutorialsninja.qa.testcases.LoginFunctionalityTest@1fa268de]" started-at="2023-02-20T14:59:40 IST" name="VerifyLoggingWithInValidEmailAndValidPassword" finished-at="2023-02-20T14:59:43 IST" duration-ms="2717" status="PASS">
          <reporter-output>
          </reporter-output>
        </test-method> <!-- VerifyLoggingWithInValidEmailAndValidPassword -->
        <test-method is-config="true" signature="tearDown()[pri:0, instance:com.tutorialsninja.qa.testcases.LoginFunctionalityTest@1fa268de]" started-at="2023-02-20T14:59:43 IST" name="tearDown" finished-at="2023-02-20T14:59:44 IST" duration-ms="1409" status="PASS">
          <reporter-output>
          </reporter-output>
        </test-method> <!-- tearDown -->
        <test-method is-config="true" signature="openApplication()[pri:0, instance:com.tutorialsninja.qa.testcases.LoginFunctionalityTest@1fa268de]" started-at="2023-02-20T14:59:44 IST" name="openApplication" finished-at="2023-02-20T14:59:56 IST" duration-ms="12439" status="PASS">
          <reporter-output>
          </reporter-output>
        </test-method> <!-- openApplication -->
        <test-method signature="VerifyLoggingWithValidEmailAndInvalidPassword()[pri:3, instance:com.tutorialsninja.qa.testcases.LoginFunctionalityTest@1fa268de]" started-at="2023-02-20T14:59:56 IST" name="VerifyLoggingWithValidEmailAndInvalidPassword" finished-at="2023-02-20T14:59:58 IST" duration-ms="1745" status="PASS">
          <reporter-output>
          </reporter-output>
        </test-method> <!-- VerifyLoggingWithValidEmailAndInvalidPassword -->
        <test-method is-config="true" signature="tearDown()[pri:0, instance:com.tutorialsninja.qa.testcases.LoginFunctionalityTest@1fa268de]" started-at="2023-02-20T14:59:58 IST" name="tearDown" finished-at="2023-02-20T14:59:59 IST" duration-ms="493" status="PASS">
          <reporter-output>
          </reporter-output>
        </test-method> <!-- tearDown -->
        <test-method is-config="true" signature="openApplication()[pri:0, instance:com.tutorialsninja.qa.testcases.LoginFunctionalityTest@1fa268de]" started-at="2023-02-20T14:59:59 IST" name="openApplication" finished-at="2023-02-20T15:00:10 IST" duration-ms="11664" status="PASS">
          <reporter-output>
          </reporter-output>
        </test-method> <!-- openApplication -->
        <test-method signature="VerifyLoggingWithoutCreadentials()[pri:4, instance:com.tutorialsninja.qa.testcases.LoginFunctionalityTest@1fa268de]" started-at="2023-02-20T15:00:10 IST" name="VerifyLoggingWithoutCreadentials" finished-at="2023-02-20T15:00:14 IST" duration-ms="3732" status="PASS">
          <reporter-output>
          </reporter-output>
        </test-method> <!-- VerifyLoggingWithoutCreadentials -->
        <test-method is-config="true" signature="tearDown()[pri:0, instance:com.tutorialsninja.qa.testcases.LoginFunctionalityTest@1fa268de]" started-at="2023-02-20T15:00:14 IST" name="tearDown" finished-at="2023-02-20T15:00:21 IST" duration-ms="6484" status="PASS">
          <reporter-output>
          </reporter-output>
        </test-method> <!-- tearDown -->
        <test-method is-config="true" signature="openApplication()[pri:0, instance:com.tutorialsninja.qa.testcases.LoginFunctionalityTest@1fa268de]" started-at="2023-02-20T15:00:21 IST" name="openApplication" finished-at="2023-02-20T15:00:40 IST" duration-ms="19747" status="PASS">
          <reporter-output>
          </reporter-output>
        </test-method> <!-- openApplication -->
        <test-method signature="VerifyForgetpasswordlinkisWorking()[pri:5, instance:com.tutorialsninja.qa.testcases.LoginFunctionalityTest@1fa268de]" started-at="2023-02-20T15:00:40 IST" name="VerifyForgetpasswordlinkisWorking" finished-at="2023-02-20T15:00:41 IST" duration-ms="1008" status="PASS">
          <reporter-output>
          </reporter-output>
        </test-method> <!-- VerifyForgetpasswordlinkisWorking -->
        <test-method is-config="true" signature="tearDown()[pri:0, instance:com.tutorialsninja.qa.testcases.LoginFunctionalityTest@1fa268de]" started-at="2023-02-20T15:00:41 IST" name="tearDown" finished-at="2023-02-20T15:00:45 IST" duration-ms="3446" status="PASS">
          <reporter-output>
          </reporter-output>
        </test-method> <!-- tearDown -->
      </class> <!-- com.tutorialsninja.qa.testcases.LoginFunctionalityTest -->
      <class name="com.tutorialsninja.qa.testcases.SearchFunctionalityTest">
        <test-method is-config="true" signature="SetUp()[pri:0, instance:com.tutorialsninja.qa.testcases.SearchFunctionalityTest@4f6ee6e4]" started-at="2023-02-20T15:00:45 IST" name="SetUp" finished-at="2023-02-20T15:01:04 IST" duration-ms="18732" status="PASS">
          <reporter-output>
          </reporter-output>
        </test-method> <!-- SetUp -->
        <test-method signature="VerifySearchingValidProduct()[pri:0, instance:com.tutorialsninja.qa.testcases.SearchFunctionalityTest@4f6ee6e4]" started-at="2023-02-20T15:01:04 IST" name="VerifySearchingValidProduct" finished-at="2023-02-20T15:01:05 IST" duration-ms="1617" status="PASS">
          <reporter-output>
          </reporter-output>
        </test-method> <!-- VerifySearchingValidProduct -->
        <test-method is-config="true" signature="tearDown()[pri:0, instance:com.tutorialsninja.qa.testcases.SearchFunctionalityTest@4f6ee6e4]" started-at="2023-02-20T15:01:05 IST" name="tearDown" finished-at="2023-02-20T15:01:06 IST" duration-ms="516" status="PASS">
          <reporter-output>
          </reporter-output>
        </test-method> <!-- tearDown -->
        <test-method is-config="true" signature="SetUp()[pri:0, instance:com.tutorialsninja.qa.testcases.SearchFunctionalityTest@4f6ee6e4]" started-at="2023-02-20T15:01:06 IST" name="SetUp" finished-at="2023-02-20T15:01:29 IST" duration-ms="23437" status="PASS">
          <reporter-output>
          </reporter-output>
        </test-method> <!-- SetUp -->
        <test-method signature="VerifySearchingWithInvalidProduct()[pri:1, instance:com.tutorialsninja.qa.testcases.SearchFunctionalityTest@4f6ee6e4]" started-at="2023-02-20T15:01:29 IST" name="VerifySearchingWithInvalidProduct" finished-at="2023-02-20T15:01:34 IST" duration-ms="4463" status="PASS">
          <reporter-output>
          </reporter-output>
        </test-method> <!-- VerifySearchingWithInvalidProduct -->
        <test-method is-config="true" signature="tearDown()[pri:0, instance:com.tutorialsninja.qa.testcases.SearchFunctionalityTest@4f6ee6e4]" started-at="2023-02-20T15:01:34 IST" name="tearDown" finished-at="2023-02-20T15:01:39 IST" duration-ms="5755" status="PASS">
          <reporter-output>
          </reporter-output>
        </test-method> <!-- tearDown -->
        <test-method is-config="true" signature="SetUp()[pri:0, instance:com.tutorialsninja.qa.testcases.SearchFunctionalityTest@4f6ee6e4]" started-at="2023-02-20T15:01:39 IST" name="SetUp" finished-at="2023-02-20T15:01:55 IST" duration-ms="15896" status="PASS">
          <reporter-output>
          </reporter-output>
        </test-method> <!-- SetUp -->
        <test-method signature="VerifyWithOutProvidingProductInSearchFiled()[pri:2, instance:com.tutorialsninja.qa.testcases.SearchFunctionalityTest@4f6ee6e4]" started-at="2023-02-20T15:01:55 IST" name="VerifyWithOutProvidingProductInSearchFiled" finished-at="2023-02-20T15:01:56 IST" duration-ms="1067" status="PASS">
          <reporter-output>
          </reporter-output>
        </test-method> <!-- VerifyWithOutProvidingProductInSearchFiled -->
        <test-method is-config="true" signature="tearDown()[pri:0, instance:com.tutorialsninja.qa.testcases.SearchFunctionalityTest@4f6ee6e4]" started-at="2023-02-20T15:01:56 IST" name="tearDown" finished-at="2023-02-20T15:01:58 IST" duration-ms="1532" status="PASS">
          <reporter-output>
          </reporter-output>
        </test-method> <!-- tearDown -->
      </class> <!-- com.tutorialsninja.qa.testcases.SearchFunctionalityTest -->
      <class name="com.tutorialsninja.qa.testcases.RegisterfunctionalityTest">
        <test-method is-config="true" signature="setUp()[pri:0, instance:com.tutorialsninja.qa.testcases.RegisterfunctionalityTest@72057ecf]" started-at="2023-02-20T14:55:41 IST" name="setUp" finished-at="2023-02-20T14:56:13 IST" duration-ms="31858" status="PASS">
          <reporter-output>
          </reporter-output>
        </test-method> <!-- setUp -->
        <test-method signature="VerifyRegisteringWithOnlyMandatoryFields()[pri:0, instance:com.tutorialsninja.qa.testcases.RegisterfunctionalityTest@72057ecf]" started-at="2023-02-20T14:56:13 IST" name="VerifyRegisteringWithOnlyMandatoryFields" finished-at="2023-02-20T14:56:17 IST" duration-ms="4132" status="PASS">
          <reporter-output>
          </reporter-output>
        </test-method> <!-- VerifyRegisteringWithOnlyMandatoryFields -->
        <test-method is-config="true" signature="tearDown()[pri:0, instance:com.tutorialsninja.qa.testcases.RegisterfunctionalityTest@72057ecf]" started-at="2023-02-20T14:56:17 IST" name="tearDown" finished-at="2023-02-20T14:56:19 IST" duration-ms="1917" status="PASS">
          <reporter-output>
          </reporter-output>
        </test-method> <!-- tearDown -->
        <test-method is-config="true" signature="setUp()[pri:0, instance:com.tutorialsninja.qa.testcases.RegisterfunctionalityTest@72057ecf]" started-at="2023-02-20T14:56:19 IST" name="setUp" finished-at="2023-02-20T14:56:35 IST" duration-ms="15684" status="PASS">
          <reporter-output>
          </reporter-output>
        </test-method> <!-- setUp -->
        <test-method signature="VerifyRegisteringAccountwhenYESoptionselectedOnNewsletterfield()[pri:1, instance:com.tutorialsninja.qa.testcases.RegisterfunctionalityTest@72057ecf]" started-at="2023-02-20T14:56:35 IST" name="VerifyRegisteringAccountwhenYESoptionselectedOnNewsletterfield" finished-at="2023-02-20T14:56:40 IST" duration-ms="4534" status="PASS">
          <reporter-output>
          </reporter-output>
        </test-method> <!-- VerifyRegisteringAccountwhenYESoptionselectedOnNewsletterfield -->
        <test-method is-config="true" signature="tearDown()[pri:0, instance:com.tutorialsninja.qa.testcases.RegisterfunctionalityTest@72057ecf]" started-at="2023-02-20T14:56:40 IST" name="tearDown" finished-at="2023-02-20T14:56:41 IST" duration-ms="1324" status="PASS">
          <reporter-output>
          </reporter-output>
        </test-method> <!-- tearDown -->
        <test-method is-config="true" signature="setUp()[pri:0, instance:com.tutorialsninja.qa.testcases.RegisterfunctionalityTest@72057ecf]" started-at="2023-02-20T14:56:41 IST" name="setUp" finished-at="2023-02-20T14:56:52 IST" duration-ms="10921" status="PASS">
          <reporter-output>
          </reporter-output>
        </test-method> <!-- setUp -->
        <test-method signature="VerifyRegisteringAccountwhenNOoptionselectedOnNewsletterfield()[pri:2, instance:com.tutorialsninja.qa.testcases.RegisterfunctionalityTest@72057ecf]" started-at="2023-02-20T14:56:52 IST" name="VerifyRegisteringAccountwhenNOoptionselectedOnNewsletterfield" finished-at="2023-02-20T14:56:57 IST" duration-ms="5589" status="PASS">
          <reporter-output>
          </reporter-output>
        </test-method> <!-- VerifyRegisteringAccountwhenNOoptionselectedOnNewsletterfield -->
        <test-method is-config="true" signature="tearDown()[pri:0, instance:com.tutorialsninja.qa.testcases.RegisterfunctionalityTest@72057ecf]" started-at="2023-02-20T14:56:57 IST" name="tearDown" finished-at="2023-02-20T14:56:59 IST" duration-ms="1564" status="PASS">
          <reporter-output>
          </reporter-output>
        </test-method> <!-- tearDown -->
        <test-method is-config="true" signature="setUp()[pri:0, instance:com.tutorialsninja.qa.testcases.RegisterfunctionalityTest@72057ecf]" started-at="2023-02-20T14:56:59 IST" name="setUp" finished-at="2023-02-20T14:57:51 IST" duration-ms="51561" status="PASS">
          <reporter-output>
          </reporter-output>
        </test-method> <!-- setUp -->
        <test-method signature="VerifyRegisteringAccountEnteringdifferentpasswordsintoPasswordandPasswordConfirmfields()[pri:3, instance:com.tutorialsninja.qa.testcases.RegisterfunctionalityTest@72057ecf]" started-at="2023-02-20T14:57:51 IST" name="VerifyRegisteringAccountEnteringdifferentpasswordsintoPasswordandPasswordConfirmfields" finished-at="2023-02-20T14:58:43 IST" duration-ms="52606" status="PASS">
          <reporter-output>
          </reporter-output>
        </test-method> <!-- VerifyRegisteringAccountEnteringdifferentpasswordsintoPasswordandPasswordConfirmfields -->
        <test-method is-config="true" signature="tearDown()[pri:0, instance:com.tutorialsninja.qa.testcases.RegisterfunctionalityTest@72057ecf]" started-at="2023-02-20T14:58:43 IST" name="tearDown" finished-at="2023-02-20T14:58:45 IST" duration-ms="1600" status="PASS">
          <reporter-output>
          </reporter-output>
        </test-method> <!-- tearDown -->
      </class> <!-- com.tutorialsninja.qa.testcases.RegisterfunctionalityTest -->
    </test> <!-- Test -->
  </suite> <!-- Suite -->
</testng-results>
