<?xml version="1.0" encoding="UTF-8"?>
<testng-results ignored="0" total="13" passed="13" failed="0" skipped="0">
  <reporter-output>
  </reporter-output>
  <suite started-at="2023-02-11T22:19:40 IST" name="Default suite" finished-at="2023-02-11T22:29:45 IST" duration-ms="604079">
    <groups>
    </groups>
    <test started-at="2023-02-11T22:19:40 IST" name="Default test" finished-at="2023-02-11T22:29:45 IST" duration-ms="604079">
      <class name="com.tutorialsninja.qa.testcases.LoginFunctionalityTest">
        <test-method is-config="true" signature="openApplication()[pri:0, instance:com.tutorialsninja.qa.testcases.LoginFunctionalityTest@59474f18]" started-at="2023-02-11T22:19:43 IST" name="openApplication" finished-at="2023-02-11T22:21:20 IST" duration-ms="97194" status="PASS">
          <reporter-output>
          </reporter-output>
        </test-method> <!-- openApplication -->
        <test-method signature="VerifyLoginWithValidCreadentials()[pri:0, instance:com.tutorialsninja.qa.testcases.LoginFunctionalityTest@59474f18]" started-at="2023-02-11T22:21:20 IST" name="VerifyLoginWithValidCreadentials" finished-at="2023-02-11T22:21:33 IST" duration-ms="12039" status="PASS">
          <reporter-output>
          </reporter-output>
        </test-method> <!-- VerifyLoginWithValidCreadentials -->
        <test-method is-config="true" signature="tearDown()[pri:0, instance:com.tutorialsninja.qa.testcases.LoginFunctionalityTest@59474f18]" started-at="2023-02-11T22:21:33 IST" name="tearDown" finished-at="2023-02-11T22:21:35 IST" duration-ms="2650" status="PASS">
          <reporter-output>
          </reporter-output>
        </test-method> <!-- tearDown -->
        <test-method is-config="true" signature="openApplication()[pri:0, instance:com.tutorialsninja.qa.testcases.LoginFunctionalityTest@59474f18]" started-at="2023-02-11T22:21:35 IST" name="openApplication" finished-at="2023-02-11T22:21:53 IST" duration-ms="17687" status="PASS">
          <reporter-output>
          </reporter-output>
        </test-method> <!-- openApplication -->
        <test-method signature="verifyLoginWithInValidCreadentials()[pri:1, instance:com.tutorialsninja.qa.testcases.LoginFunctionalityTest@59474f18]" started-at="2023-02-11T22:21:53 IST" name="verifyLoginWithInValidCreadentials" finished-at="2023-02-11T22:21:55 IST" duration-ms="1532" status="PASS">
          <reporter-output>
          </reporter-output>
        </test-method> <!-- verifyLoginWithInValidCreadentials -->
        <test-method is-config="true" signature="tearDown()[pri:0, instance:com.tutorialsninja.qa.testcases.LoginFunctionalityTest@59474f18]" started-at="2023-02-11T22:21:55 IST" name="tearDown" finished-at="2023-02-11T22:21:55 IST" duration-ms="482" status="PASS">
          <reporter-output>
          </reporter-output>
        </test-method> <!-- tearDown -->
        <test-method is-config="true" signature="openApplication()[pri:0, instance:com.tutorialsninja.qa.testcases.LoginFunctionalityTest@59474f18]" started-at="2023-02-11T22:21:55 IST" name="openApplication" finished-at="2023-02-11T22:22:11 IST" duration-ms="16462" status="PASS">
          <reporter-output>
          </reporter-output>
        </test-method> <!-- openApplication -->
        <test-method signature="VerifyLoggingWithInValidEmailAndValidPassword()[pri:2, instance:com.tutorialsninja.qa.testcases.LoginFunctionalityTest@59474f18]" started-at="2023-02-11T22:22:11 IST" name="VerifyLoggingWithInValidEmailAndValidPassword" finished-at="2023-02-11T22:22:13 IST" duration-ms="1167" status="PASS">
          <reporter-output>
          </reporter-output>
        </test-method> <!-- VerifyLoggingWithInValidEmailAndValidPassword -->
        <test-method is-config="true" signature="tearDown()[pri:0, instance:com.tutorialsninja.qa.testcases.LoginFunctionalityTest@59474f18]" started-at="2023-02-11T22:22:13 IST" name="tearDown" finished-at="2023-02-11T22:22:13 IST" duration-ms="660" status="PASS">
          <reporter-output>
          </reporter-output>
        </test-method> <!-- tearDown -->
        <test-method is-config="true" signature="openApplication()[pri:0, instance:com.tutorialsninja.qa.testcases.LoginFunctionalityTest@59474f18]" started-at="2023-02-11T22:22:13 IST" name="openApplication" finished-at="2023-02-11T22:24:11 IST" duration-ms="117667" status="PASS">
          <reporter-output>
          </reporter-output>
        </test-method> <!-- openApplication -->
        <test-method signature="VerifyLoggingWithValidEmailAndInvalidPassword()[pri:3, instance:com.tutorialsninja.qa.testcases.LoginFunctionalityTest@59474f18]" started-at="2023-02-11T22:24:11 IST" name="VerifyLoggingWithValidEmailAndInvalidPassword" finished-at="2023-02-11T22:24:12 IST" duration-ms="982" status="PASS">
          <reporter-output>
          </reporter-output>
        </test-method> <!-- VerifyLoggingWithValidEmailAndInvalidPassword -->
        <test-method is-config="true" signature="tearDown()[pri:0, instance:com.tutorialsninja.qa.testcases.LoginFunctionalityTest@59474f18]" started-at="2023-02-11T22:24:12 IST" name="tearDown" finished-at="2023-02-11T22:24:13 IST" duration-ms="637" status="PASS">
          <reporter-output>
          </reporter-output>
        </test-method> <!-- tearDown -->
        <test-method is-config="true" signature="openApplication()[pri:0, instance:com.tutorialsninja.qa.testcases.LoginFunctionalityTest@59474f18]" started-at="2023-02-11T22:24:13 IST" name="openApplication" finished-at="2023-02-11T22:25:24 IST" duration-ms="71563" status="PASS">
          <reporter-output>
          </reporter-output>
        </test-method> <!-- openApplication -->
        <test-method signature="VerifyLoggingWithoutCreadentials()[pri:4, instance:com.tutorialsninja.qa.testcases.LoginFunctionalityTest@59474f18]" started-at="2023-02-11T22:25:24 IST" name="VerifyLoggingWithoutCreadentials" finished-at="2023-02-11T22:25:25 IST" duration-ms="709" status="PASS">
          <reporter-output>
          </reporter-output>
        </test-method> <!-- VerifyLoggingWithoutCreadentials -->
        <test-method is-config="true" signature="tearDown()[pri:0, instance:com.tutorialsninja.qa.testcases.LoginFunctionalityTest@59474f18]" started-at="2023-02-11T22:25:25 IST" name="tearDown" finished-at="2023-02-11T22:25:30 IST" duration-ms="5503" status="PASS">
          <reporter-output>
          </reporter-output>
        </test-method> <!-- tearDown -->
        <test-method is-config="true" signature="openApplication()[pri:0, instance:com.tutorialsninja.qa.testcases.LoginFunctionalityTest@59474f18]" started-at="2023-02-11T22:25:30 IST" name="openApplication" finished-at="2023-02-11T22:26:21 IST" duration-ms="50359" status="PASS">
          <reporter-output>
          </reporter-output>
        </test-method> <!-- openApplication -->
        <test-method signature="VerifyForgetpasswordlinkisWorking()[pri:5, instance:com.tutorialsninja.qa.testcases.LoginFunctionalityTest@59474f18]" started-at="2023-02-11T22:26:21 IST" name="VerifyForgetpasswordlinkisWorking" finished-at="2023-02-11T22:26:21 IST" duration-ms="631" status="PASS">
          <reporter-output>
          </reporter-output>
        </test-method> <!-- VerifyForgetpasswordlinkisWorking -->
        <test-method is-config="true" signature="tearDown()[pri:0, instance:com.tutorialsninja.qa.testcases.LoginFunctionalityTest@59474f18]" started-at="2023-02-11T22:26:21 IST" name="tearDown" finished-at="2023-02-11T22:26:22 IST" duration-ms="355" status="PASS">
          <reporter-output>
          </reporter-output>
        </test-method> <!-- tearDown -->
      </class> <!-- com.tutorialsninja.qa.testcases.LoginFunctionalityTest -->
      <class name="com.tutorialsninja.qa.testcases.SearchFunctionalityTest">
        <test-method is-config="true" signature="SetUp()[pri:0, instance:com.tutorialsninja.qa.testcases.SearchFunctionalityTest@6025e1b6]" started-at="2023-02-11T22:26:22 IST" name="SetUp" finished-at="2023-02-11T22:26:41 IST" duration-ms="19553" status="PASS">
          <reporter-output>
          </reporter-output>
        </test-method> <!-- SetUp -->
        <test-method signature="VerifySearchingValidProduct()[pri:0, instance:com.tutorialsninja.qa.testcases.SearchFunctionalityTest@6025e1b6]" started-at="2023-02-11T22:26:41 IST" name="VerifySearchingValidProduct" finished-at="2023-02-11T22:26:44 IST" duration-ms="2877" status="PASS">
          <reporter-output>
          </reporter-output>
        </test-method> <!-- VerifySearchingValidProduct -->
        <test-method is-config="true" signature="tearDown()[pri:0, instance:com.tutorialsninja.qa.testcases.SearchFunctionalityTest@6025e1b6]" started-at="2023-02-11T22:26:44 IST" name="tearDown" finished-at="2023-02-11T22:26:50 IST" duration-ms="5773" status="PASS">
          <reporter-output>
          </reporter-output>
        </test-method> <!-- tearDown -->
        <test-method is-config="true" signature="SetUp()[pri:0, instance:com.tutorialsninja.qa.testcases.SearchFunctionalityTest@6025e1b6]" started-at="2023-02-11T22:26:50 IST" name="SetUp" finished-at="2023-02-11T22:27:19 IST" duration-ms="29183" status="PASS">
          <reporter-output>
          </reporter-output>
        </test-method> <!-- SetUp -->
        <test-method signature="VerifySearchingWithInvalidProduct()[pri:1, instance:com.tutorialsninja.qa.testcases.SearchFunctionalityTest@6025e1b6]" started-at="2023-02-11T22:27:19 IST" name="VerifySearchingWithInvalidProduct" finished-at="2023-02-11T22:27:22 IST" duration-ms="2458" status="PASS">
          <reporter-output>
          </reporter-output>
        </test-method> <!-- VerifySearchingWithInvalidProduct -->
        <test-method is-config="true" signature="tearDown()[pri:0, instance:com.tutorialsninja.qa.testcases.SearchFunctionalityTest@6025e1b6]" started-at="2023-02-11T22:27:22 IST" name="tearDown" finished-at="2023-02-11T22:27:28 IST" duration-ms="6361" status="PASS">
          <reporter-output>
          </reporter-output>
        </test-method> <!-- tearDown -->
        <test-method is-config="true" signature="SetUp()[pri:0, instance:com.tutorialsninja.qa.testcases.SearchFunctionalityTest@6025e1b6]" started-at="2023-02-11T22:27:28 IST" name="SetUp" finished-at="2023-02-11T22:27:55 IST" duration-ms="27283" status="PASS">
          <reporter-output>
          </reporter-output>
        </test-method> <!-- SetUp -->
        <test-method signature="VerifyWithOutProvidingProductInSearchFiled()[pri:2, instance:com.tutorialsninja.qa.testcases.SearchFunctionalityTest@6025e1b6]" started-at="2023-02-11T22:27:55 IST" name="VerifyWithOutProvidingProductInSearchFiled" finished-at="2023-02-11T22:27:57 IST" duration-ms="2112" status="PASS">
          <reporter-output>
          </reporter-output>
        </test-method> <!-- VerifyWithOutProvidingProductInSearchFiled -->
        <test-method is-config="true" signature="tearDown()[pri:0, instance:com.tutorialsninja.qa.testcases.SearchFunctionalityTest@6025e1b6]" started-at="2023-02-11T22:27:57 IST" name="tearDown" finished-at="2023-02-11T22:28:02 IST" duration-ms="5034" status="PASS">
          <reporter-output>
          </reporter-output>
        </test-method> <!-- tearDown -->
      </class> <!-- com.tutorialsninja.qa.testcases.SearchFunctionalityTest -->
      <class name="com.tutorialsninja.qa.testcases.RegisterfunctionalityTest">
        <test-method is-config="true" signature="setUp()[pri:0, instance:com.tutorialsninja.qa.testcases.RegisterfunctionalityTest@22ff4249]" started-at="2023-02-11T22:28:02 IST" name="setUp" finished-at="2023-02-11T22:28:21 IST" duration-ms="18147" status="PASS">
          <reporter-output>
          </reporter-output>
        </test-method> <!-- setUp -->
        <test-method signature="VerifyRegisteringWithOnlyMandatoryFields()[pri:0, instance:com.tutorialsninja.qa.testcases.RegisterfunctionalityTest@22ff4249]" started-at="2023-02-11T22:28:21 IST" name="VerifyRegisteringWithOnlyMandatoryFields" finished-at="2023-02-11T22:28:22 IST" duration-ms="1859" status="PASS">
          <reporter-output>
          </reporter-output>
        </test-method> <!-- VerifyRegisteringWithOnlyMandatoryFields -->
        <test-method is-config="true" signature="tearDown()[pri:0, instance:com.tutorialsninja.qa.testcases.RegisterfunctionalityTest@22ff4249]" started-at="2023-02-11T22:28:22 IST" name="tearDown" finished-at="2023-02-11T22:28:29 IST" duration-ms="6089" status="PASS">
          <reporter-output>
          </reporter-output>
        </test-method> <!-- tearDown -->
        <test-method is-config="true" signature="setUp()[pri:0, instance:com.tutorialsninja.qa.testcases.RegisterfunctionalityTest@22ff4249]" started-at="2023-02-11T22:28:29 IST" name="setUp" finished-at="2023-02-11T22:28:45 IST" duration-ms="16047" status="PASS">
          <reporter-output>
          </reporter-output>
        </test-method> <!-- setUp -->
        <test-method signature="VerifyRegisteringAccountwhenYESoptionselectedOnNewsletterfield()[pri:1, instance:com.tutorialsninja.qa.testcases.RegisterfunctionalityTest@22ff4249]" started-at="2023-02-11T22:28:45 IST" name="VerifyRegisteringAccountwhenYESoptionselectedOnNewsletterfield" finished-at="2023-02-11T22:28:47 IST" duration-ms="2061" status="PASS">
          <reporter-output>
          </reporter-output>
        </test-method> <!-- VerifyRegisteringAccountwhenYESoptionselectedOnNewsletterfield -->
        <test-method is-config="true" signature="tearDown()[pri:0, instance:com.tutorialsninja.qa.testcases.RegisterfunctionalityTest@22ff4249]" started-at="2023-02-11T22:28:47 IST" name="tearDown" finished-at="2023-02-11T22:28:52 IST" duration-ms="5584" status="PASS">
          <reporter-output>
          </reporter-output>
        </test-method> <!-- tearDown -->
        <test-method is-config="true" signature="setUp()[pri:0, instance:com.tutorialsninja.qa.testcases.RegisterfunctionalityTest@22ff4249]" started-at="2023-02-11T22:28:52 IST" name="setUp" finished-at="2023-02-11T22:29:15 IST" duration-ms="22260" status="PASS">
          <reporter-output>
          </reporter-output>
        </test-method> <!-- setUp -->
        <test-method signature="VerifyRegisteringAccountwhenNOoptionselectedOnNewsletterfield()[pri:2, instance:com.tutorialsninja.qa.testcases.RegisterfunctionalityTest@22ff4249]" started-at="2023-02-11T22:29:15 IST" name="VerifyRegisteringAccountwhenNOoptionselectedOnNewsletterfield" finished-at="2023-02-11T22:29:17 IST" duration-ms="2686" status="PASS">
          <reporter-output>
          </reporter-output>
        </test-method> <!-- VerifyRegisteringAccountwhenNOoptionselectedOnNewsletterfield -->
        <test-method is-config="true" signature="tearDown()[pri:0, instance:com.tutorialsninja.qa.testcases.RegisterfunctionalityTest@22ff4249]" started-at="2023-02-11T22:29:17 IST" name="tearDown" finished-at="2023-02-11T22:29:23 IST" duration-ms="5971" status="PASS">
          <reporter-output>
          </reporter-output>
        </test-method> <!-- tearDown -->
        <test-method is-config="true" signature="setUp()[pri:0, instance:com.tutorialsninja.qa.testcases.RegisterfunctionalityTest@22ff4249]" started-at="2023-02-11T22:29:23 IST" name="setUp" finished-at="2023-02-11T22:29:37 IST" duration-ms="13397" status="PASS">
          <reporter-output>
          </reporter-output>
        </test-method> <!-- setUp -->
        <test-method signature="VerifyRegisteringAccountEnteringdifferentpasswordsintoPasswordandPasswordConfirmfields()[pri:3, instance:com.tutorialsninja.qa.testcases.RegisterfunctionalityTest@22ff4249]" started-at="2023-02-11T22:29:37 IST" name="VerifyRegisteringAccountEnteringdifferentpasswordsintoPasswordandPasswordConfirmfields" finished-at="2023-02-11T22:29:39 IST" duration-ms="2129" status="PASS">
          <reporter-output>
          </reporter-output>
        </test-method> <!-- VerifyRegisteringAccountEnteringdifferentpasswordsintoPasswordandPasswordConfirmfields -->
        <test-method is-config="true" signature="tearDown()[pri:0, instance:com.tutorialsninja.qa.testcases.RegisterfunctionalityTest@22ff4249]" started-at="2023-02-11T22:29:39 IST" name="tearDown" finished-at="2023-02-11T22:29:45 IST" duration-ms="5861" status="PASS">
          <reporter-output>
          </reporter-output>
        </test-method> <!-- tearDown -->
      </class> <!-- com.tutorialsninja.qa.testcases.RegisterfunctionalityTest -->
    </test> <!-- Default test -->
  </suite> <!-- Default suite -->
</testng-results>
